Build started 24/09/2012 23:54:05.
     1>Project "C:\Users\Christian\Documents\GitHub\IMT3601-Game_Programming_Project\GameProject\GameProject\GameProject.vcxproj" on node 2 (build target(s)).
     1>InitializeBuildStatus:
         Creating "Debug\GameProject.unsuccessfulbuild" because "AlwaysCreate" was specified.
       ClCompile:
         c:\Program Files (x86)\Microsoft Visual Studio 10.0\VC\bin\CL.exe /c /I"C:\Users\Christian\Documents\GitHub\IMT3601-Game_Programming_Project\GameProject\..\SFML-2.0-rc\Include" /ZI /nologo /W3 /WX- /Od /Oy- /D SFML_STATIC /D WIN32 /D _DEBUG /D _CONSOLE /D _UNICODE /D UNICODE /Gm /EHsc /RTC1 /MDd /GS /fp:precise /Zc:wchar_t /Zc:forScope /Fo"Debug\\" /Fd"Debug\vc100.pdb" /Gd /TP /analyze- /errorReport:prompt main.cpp
         main.cpp
       ManifestResourceCompile:
         All outputs are up-to-date.
       Link:
         c:\Program Files (x86)\Microsoft Visual Studio 10.0\VC\bin\link.exe /ERRORREPORT:PROMPT /OUT:"C:\Users\Christian\Documents\GitHub\IMT3601-Game_Programming_Project\GameProject\Debug\GameProject.exe" /INCREMENTAL /NOLOGO /LIBPATH:"C:\Users\Christian\Documents\GitHub\IMT3601-Game_Programming_Project\GameProject\..\SFML-2.0-rc\lib" "sfml-graphics-s-d.lib" "sfml-window-s-d.lib" "sfml-audio-s-d.lib" "sfml-network-s-d.lib" "sfml-system-s-d.lib" kernel32.lib user32.lib gdi32.lib winspool.lib comdlg32.lib advapi32.lib shell32.lib ole32.lib oleaut32.lib uuid.lib odbc32.lib odbccp32.lib /MANIFEST /ManifestFile:"Debug\GameProject.exe.intermediate.manifest" /MANIFESTUAC:"level='asInvoker' uiAccess='false'" /DEBUG /PDB:"C:\Users\Christian\Documents\GitHub\IMT3601-Game_Programming_Project\GameProject\Debug\GameProject.pdb" /SUBSYSTEM:CONSOLE /TLBID:1 /DYNAMICBASE /NXCOMPAT /IMPLIB:"C:\Users\Christian\Documents\GitHub\IMT3601-Game_Programming_Project\GameProject\Debug\GameProject.lib" /MACHINE:X86 Debug\GameProject.exe.embed.manifest.res
         Debug\main.obj
       Manifest:
         C:\Program Files (x86)\Microsoft SDKs\Windows\v7.0A\bin\mt.exe /nologo /verbose /out:"Debug\GameProject.exe.embed.manifest" /manifest Debug\GameProject.exe.intermediate.manifest
         All outputs are up-to-date.
       LinkEmbedManifest:
         All outputs are up-to-date.
         GameProject.vcxproj -> C:\Users\Christian\Documents\GitHub\IMT3601-Game_Programming_Project\GameProject\Debug\GameProject.exe
       FinalizeBuildStatus:
         Deleting file "Debug\GameProject.unsuccessfulbuild".
         Touching "Debug\GameProject.lastbuildstate".
     1>Done Building Project "C:\Users\Christian\Documents\GitHub\IMT3601-Game_Programming_Project\GameProject\GameProject\GameProject.vcxproj" (build target(s)).

Build succeeded.

Time Elapsed 00:00:00.96
